<?xml version="1.0" encoding="UTF-8"?>
<!-- Generated by org.testng.reporters.JUnitReportReporter -->
<testsuite hostname="DESKTOP-IBFEQR9" failures="0" tests="4" name="test.UserTests" time="7.688" errors="0" timestamp="2023-11-04T19:58:01 EAT" skipped="0">
  <testcase classname="test.UserTests" name="testPostUser" time="3.401"/>
  <testcase classname="test.UserTests" name="testGetUserByName" time="1.091"/>
  <testcase classname="test.UserTests" name="updateUserByName" time="2.144"/>
  <testcase classname="test.UserTests" name="deleteUserByName" time="1.052"/>
</testsuite> <!-- test.UserTests -->
